Symlinking /home/zd/tracking_ws/devel/include/drone_tracking/Detection.h
Symlinking /home/zd/tracking_ws/devel/share/drone_tracking/cmake/drone_trackingConfig.cmake
Symlinking /home/zd/tracking_ws/devel/share/drone_tracking/cmake/drone_tracking-msg-paths.cmake
Symlinking /home/zd/tracking_ws/devel/share/drone_tracking/cmake/drone_trackingConfig-version.cmake
Symlinking /home/zd/tracking_ws/devel/share/drone_tracking/cmake/drone_tracking-msg-extras.cmake
Symlinking /home/zd/tracking_ws/devel/share/gennodejs/ros/drone_tracking/_index.js
Symlinking /home/zd/tracking_ws/devel/share/gennodejs/ros/drone_tracking/msg/_index.js
Symlinking /home/zd/tracking_ws/devel/share/gennodejs/ros/drone_tracking/msg/Detection.js
Symlinking /home/zd/tracking_ws/devel/share/roseus/ros/drone_tracking/manifest.l
Symlinking /home/zd/tracking_ws/devel/share/roseus/ros/drone_tracking/msg/Detection.l
Symlinking /home/zd/tracking_ws/devel/share/common-lisp/ros/drone_tracking/msg/Detection.lisp
Symlinking /home/zd/tracking_ws/devel/share/common-lisp/ros/drone_tracking/msg/_package_Detection.lisp
Symlinking /home/zd/tracking_ws/devel/share/common-lisp/ros/drone_tracking/msg/drone_tracking-msg.asd
Symlinking /home/zd/tracking_ws/devel/share/common-lisp/ros/drone_tracking/msg/_package.lisp
Symlinking /home/zd/tracking_ws/devel/lib/python3/dist-packages/drone_tracking/__init__.py
Symlinking /home/zd/tracking_ws/devel/lib/python3/dist-packages/drone_tracking/msg/__init__.py
Symlinking /home/zd/tracking_ws/devel/lib/python3/dist-packages/drone_tracking/msg/_Detection.py
Symlinking /home/zd/tracking_ws/devel/lib/drone_tracking/run_yaw_ctrl_conda.sh
Symlinking /home/zd/tracking_ws/devel/lib/drone_tracking/yaw_controller_node.py
Symlinking /home/zd/tracking_ws/devel/lib/drone_tracking/run_detector_conda.sh
Symlinking /home/zd/tracking_ws/devel/lib/drone_tracking/detector_node.py
Symlinking /home/zd/tracking_ws/devel/lib/pkgconfig/drone_tracking.pc
